Determining if the Q_WS_MAC exist passed with the following output:
Change Dir: /Users/mirette/Documents/Polytech Paris Sud/2eme année/Tronc Commun/Projet Coop/Plotter_Project/Build/CMakeFiles/CMakeTmp

Run Build Command:/Applications/CMake\ 2.8-10.app/Contents/bin/cmakexbuild -project CMAKE_TRY_COMPILE.xcodeproj build -target cmTryCompileExec1652214389 -configuration Debug
=== BUILD NATIVE TARGET cmTryCompileExec1652214389 OF PROJECT CMAKE_TRY_COMPILE WITH CONFIGURATION Debug ===
Check dependencies

CompileC CMAKE_TRY_COMPILE.build/Debug/cmTryCompileExec1652214389.build/Objects-normal/x86_64/CheckSymbolExists.o CheckSymbolExists.cxx normal x86_64 c++ com.apple.compilers.llvm.clang.1_0.compiler
    cd "/Users/mirette/Documents/Polytech Paris Sud/2eme année/Tronc Commun/Projet Coop/Plotter_Project/Build/CMakeFiles/CMakeTmp"
    /Developer/usr/bin/clang -x c++ -arch x86_64 -fmessage-length=0 -fdiagnostics-print-source-range-info -fdiagnostics-show-category=id -fdiagnostics-parseable-fixits -Wno-trigraphs -fpascal-strings -O0 -Wno-return-type -Wparentheses -Wswitch -Wno-unused-parameter -Wno-unused-variable -Wunused-value -Wno-shorten-64-to-32 -Wc++0x-extensions "-DCMAKE_INTDIR=\"Debug\"" -isysroot /Developer/SDKs/MacOSX10.7.sdk -fasm-blocks -mmacosx-version-min=10.7 -Wno-sign-conversion "-I/Users/mirette/Documents/Polytech Paris Sud/2eme année/Tronc Commun/Projet Coop/Plotter_Project/Build/CMakeFiles/CMakeTmp/Debug/include" "-I/Users/mirette/Documents/Polytech Paris Sud/2eme année/Tronc Commun/Projet Coop/Plotter_Project/Build/CMakeFiles/CMakeTmp/CMAKE_TRY_COMPILE.build/Debug/cmTryCompileExec1652214389.build/DerivedSources/x86_64" "-I/Users/mirette/Documents/Polytech Paris Sud/2eme année/Tronc Commun/Projet Coop/Plotter_Project/Build/CMakeFiles/CMakeTmp/CMAKE_TRY_COMPILE.build/Debug/cmTryCompileExec1652214389.build/DerivedSources" -Wmost -Wno-four-char-constants -Wno-unknown-pragmas "-F/Users/mirette/Documents/Polytech Paris Sud/2eme année/Tronc Commun/Projet Coop/Plotter_Project/Build/CMakeFiles/CMakeTmp/Debug" -F/Developer/SDKs/MacOSX10.7.sdk/Library/Frameworks -g -MMD -MT dependencies -MF "/Users/mirette/Documents/Polytech Paris Sud/2eme année/Tronc Commun/Projet Coop/Plotter_Project/Build/CMakeFiles/CMakeTmp/CMAKE_TRY_COMPILE.build/Debug/cmTryCompileExec1652214389.build/Objects-normal/x86_64/CheckSymbolExists.d" -c "/Users/mirette/Documents/Polytech Paris Sud/2eme année/Tronc Commun/Projet Coop/Plotter_Project/Build/CMakeFiles/CMakeTmp/CheckSymbolExists.cxx" -o "/Users/mirette/Documents/Polytech Paris Sud/2eme année/Tronc Commun/Projet Coop/Plotter_Project/Build/CMakeFiles/CMakeTmp/CMAKE_TRY_COMPILE.build/Debug/cmTryCompileExec1652214389.build/Objects-normal/x86_64/CheckSymbolExists.o"

Ld Debug/cmTryCompileExec1652214389 normal x86_64
    cd "/Users/mirette/Documents/Polytech Paris Sud/2eme année/Tronc Commun/Projet Coop/Plotter_Project/Build/CMakeFiles/CMakeTmp"
    /Developer/usr/bin/clang++ -arch x86_64 -isysroot /Developer/SDKs/MacOSX10.7.sdk "-L/Users/mirette/Documents/Polytech Paris Sud/2eme année/Tronc Commun/Projet Coop/Plotter_Project/Build/CMakeFiles/CMakeTmp/Debug" "-F/Users/mirette/Documents/Polytech Paris Sud/2eme année/Tronc Commun/Projet Coop/Plotter_Project/Build/CMakeFiles/CMakeTmp/Debug" -F/Developer/SDKs/MacOSX10.7.sdk/Library/Frameworks -filelist "/Users/mirette/Documents/Polytech Paris Sud/2eme année/Tronc Commun/Projet Coop/Plotter_Project/Build/CMakeFiles/CMakeTmp/CMAKE_TRY_COMPILE.build/Debug/cmTryCompileExec1652214389.build/Objects-normal/x86_64/cmTryCompileExec1652214389.LinkFileList" -mmacosx-version-min=10.7 -Wl,-search_paths_first -Wl,-headerpad_max_install_names -o "/Users/mirette/Documents/Polytech Paris Sud/2eme année/Tronc Commun/Projet Coop/Plotter_Project/Build/CMakeFiles/CMakeTmp/Debug/cmTryCompileExec1652214389"

PhaseScriptExecution "CMake PostBuild Rules" CMAKE_TRY_COMPILE.build/Debug/cmTryCompileExec1652214389.build/Script-62B89B2CBC1D41859E2E2EE9.sh
    cd "/Users/mirette/Documents/Polytech Paris Sud/2eme année/Tronc Commun/Projet Coop/Plotter_Project/Build/CMakeFiles/CMakeTmp"
    /bin/sh -c "\"/Users/mirette/Documents/Polytech Paris Sud/2eme année/Tronc Commun/Projet Coop/Plotter_Project/Build/CMakeFiles/CMakeTmp/CMAKE_TRY_COMPILE.build/Debug/cmTryCompileExec1652214389.build/Script-62B89B2CBC1D41859E2E2EE9.sh\""
echo "Depend check for xcode"
Depend check for xcode
cd /Users/mirette/Documents/Polytech\ Paris\ Sud/2eme\ année/Tronc\ Commun/Projet\ Coop/Plotter_Project/Build/CMakeFiles/CMakeTmp && make -C /Users/mirette/Documents/Polytech\ Paris\ Sud/2eme\ année/Tronc\ Commun/Projet\ Coop/Plotter_Project/Build/CMakeFiles/CMakeTmp -f /Users/mirette/Documents/Polytech\ Paris\ Sud/2eme\ année/Tronc\ Commun/Projet\ Coop/Plotter_Project/Build/CMakeFiles/CMakeTmp/CMakeScripts/XCODE_DEPEND_HELPER.make PostBuild.cmTryCompileExec1652214389.Debug
make[1]: Nothing to be done for `PostBuild.cmTryCompileExec1652214389.Debug'.


** BUILD SUCCEEDED **


File /Users/mirette/Documents/Polytech Paris Sud/2eme année/Tronc Commun/Projet Coop/Plotter_Project/Build/CMakeFiles/CMakeTmp/CheckSymbolExists.cxx:
/* */
#include <QtCore/qglobal.h>

int main(int argc, char** argv)
{
  (void)argv;
#ifndef Q_WS_MAC
  return ((int*)(&Q_WS_MAC))[argc];
#else
  (void)argc;
  return 0;
#endif
}

Determining if the QT_MAC_USE_COCOA exist passed with the following output:
Change Dir: /Users/mirette/Documents/Polytech Paris Sud/2eme année/Tronc Commun/Projet Coop/Plotter_Project/Build/CMakeFiles/CMakeTmp

Run Build Command:/Applications/CMake\ 2.8-10.app/Contents/bin/cmakexbuild -project CMAKE_TRY_COMPILE.xcodeproj build -target cmTryCompileExec3625553179 -configuration Debug
=== BUILD NATIVE TARGET cmTryCompileExec3625553179 OF PROJECT CMAKE_TRY_COMPILE WITH CONFIGURATION Debug ===
Check dependencies

CompileC CMAKE_TRY_COMPILE.build/Debug/cmTryCompileExec3625553179.build/Objects-normal/x86_64/CheckSymbolExists.o CheckSymbolExists.cxx normal x86_64 c++ com.apple.compilers.llvm.clang.1_0.compiler
    cd "/Users/mirette/Documents/Polytech Paris Sud/2eme année/Tronc Commun/Projet Coop/Plotter_Project/Build/CMakeFiles/CMakeTmp"
    /Developer/usr/bin/clang -x c++ -arch x86_64 -fmessage-length=0 -fdiagnostics-print-source-range-info -fdiagnostics-show-category=id -fdiagnostics-parseable-fixits -Wno-trigraphs -fpascal-strings -O0 -Wno-return-type -Wparentheses -Wswitch -Wno-unused-parameter -Wno-unused-variable -Wunused-value -Wno-shorten-64-to-32 -Wc++0x-extensions "-DCMAKE_INTDIR=\"Debug\"" -isysroot /Developer/SDKs/MacOSX10.7.sdk -fasm-blocks -mmacosx-version-min=10.7 -Wno-sign-conversion "-I/Users/mirette/Documents/Polytech Paris Sud/2eme année/Tronc Commun/Projet Coop/Plotter_Project/Build/CMakeFiles/CMakeTmp/Debug/include" "-I/Users/mirette/Documents/Polytech Paris Sud/2eme année/Tronc Commun/Projet Coop/Plotter_Project/Build/CMakeFiles/CMakeTmp/CMAKE_TRY_COMPILE.build/Debug/cmTryCompileExec3625553179.build/DerivedSources/x86_64" "-I/Users/mirette/Documents/Polytech Paris Sud/2eme année/Tronc Commun/Projet Coop/Plotter_Project/Build/CMakeFiles/CMakeTmp/CMAKE_TRY_COMPILE.build/Debug/cmTryCompileExec3625553179.build/DerivedSources" -Wmost -Wno-four-char-constants -Wno-unknown-pragmas "-F/Users/mirette/Documents/Polytech Paris Sud/2eme année/Tronc Commun/Projet Coop/Plotter_Project/Build/CMakeFiles/CMakeTmp/Debug" -F/Developer/SDKs/MacOSX10.7.sdk/Library/Frameworks -g -MMD -MT dependencies -MF "/Users/mirette/Documents/Polytech Paris Sud/2eme année/Tronc Commun/Projet Coop/Plotter_Project/Build/CMakeFiles/CMakeTmp/CMAKE_TRY_COMPILE.build/Debug/cmTryCompileExec3625553179.build/Objects-normal/x86_64/CheckSymbolExists.d" -c "/Users/mirette/Documents/Polytech Paris Sud/2eme année/Tronc Commun/Projet Coop/Plotter_Project/Build/CMakeFiles/CMakeTmp/CheckSymbolExists.cxx" -o "/Users/mirette/Documents/Polytech Paris Sud/2eme année/Tronc Commun/Projet Coop/Plotter_Project/Build/CMakeFiles/CMakeTmp/CMAKE_TRY_COMPILE.build/Debug/cmTryCompileExec3625553179.build/Objects-normal/x86_64/CheckSymbolExists.o"

Ld Debug/cmTryCompileExec3625553179 normal x86_64
    cd "/Users/mirette/Documents/Polytech Paris Sud/2eme année/Tronc Commun/Projet Coop/Plotter_Project/Build/CMakeFiles/CMakeTmp"
    /Developer/usr/bin/clang++ -arch x86_64 -isysroot /Developer/SDKs/MacOSX10.7.sdk "-L/Users/mirette/Documents/Polytech Paris Sud/2eme année/Tronc Commun/Projet Coop/Plotter_Project/Build/CMakeFiles/CMakeTmp/Debug" "-F/Users/mirette/Documents/Polytech Paris Sud/2eme année/Tronc Commun/Projet Coop/Plotter_Project/Build/CMakeFiles/CMakeTmp/Debug" -F/Developer/SDKs/MacOSX10.7.sdk/Library/Frameworks -filelist "/Users/mirette/Documents/Polytech Paris Sud/2eme année/Tronc Commun/Projet Coop/Plotter_Project/Build/CMakeFiles/CMakeTmp/CMAKE_TRY_COMPILE.build/Debug/cmTryCompileExec3625553179.build/Objects-normal/x86_64/cmTryCompileExec3625553179.LinkFileList" -mmacosx-version-min=10.7 -Wl,-search_paths_first -Wl,-headerpad_max_install_names -o "/Users/mirette/Documents/Polytech Paris Sud/2eme année/Tronc Commun/Projet Coop/Plotter_Project/Build/CMakeFiles/CMakeTmp/Debug/cmTryCompileExec3625553179"

PhaseScriptExecution "CMake PostBuild Rules" CMAKE_TRY_COMPILE.build/Debug/cmTryCompileExec3625553179.build/Script-BECDDD835F5642E79CD53007.sh
    cd "/Users/mirette/Documents/Polytech Paris Sud/2eme année/Tronc Commun/Projet Coop/Plotter_Project/Build/CMakeFiles/CMakeTmp"
    /bin/sh -c "\"/Users/mirette/Documents/Polytech Paris Sud/2eme année/Tronc Commun/Projet Coop/Plotter_Project/Build/CMakeFiles/CMakeTmp/CMAKE_TRY_COMPILE.build/Debug/cmTryCompileExec3625553179.build/Script-BECDDD835F5642E79CD53007.sh\""
echo "Depend check for xcode"
Depend check for xcode
cd /Users/mirette/Documents/Polytech\ Paris\ Sud/2eme\ année/Tronc\ Commun/Projet\ Coop/Plotter_Project/Build/CMakeFiles/CMakeTmp && make -C /Users/mirette/Documents/Polytech\ Paris\ Sud/2eme\ année/Tronc\ Commun/Projet\ Coop/Plotter_Project/Build/CMakeFiles/CMakeTmp -f /Users/mirette/Documents/Polytech\ Paris\ Sud/2eme\ année/Tronc\ Commun/Projet\ Coop/Plotter_Project/Build/CMakeFiles/CMakeTmp/CMakeScripts/XCODE_DEPEND_HELPER.make PostBuild.cmTryCompileExec3625553179.Debug
make[1]: Nothing to be done for `PostBuild.cmTryCompileExec3625553179.Debug'.


** BUILD SUCCEEDED **


File /Users/mirette/Documents/Polytech Paris Sud/2eme année/Tronc Commun/Projet Coop/Plotter_Project/Build/CMakeFiles/CMakeTmp/CheckSymbolExists.cxx:
/* */
#include <QtCore/qconfig.h>

int main(int argc, char** argv)
{
  (void)argv;
#ifndef QT_MAC_USE_COCOA
  return ((int*)(&QT_MAC_USE_COCOA))[argc];
#else
  (void)argc;
  return 0;
#endif
}

